build/intermediates/manifest_merge_blame_file/release/processReleaseMainManifest/manifest-merger-blame-release-report.txt
1<?xml version="1.0" encoding="utf-8"?>
2<manifest xmlns:android="http://schemas.android.com/apk/res/android"
3    package="com.example.nearschedulewidget"
4    android:versionCode="1"
5    android:versionName="1.0" >
6
7    <uses-sdk
8        android:minSdkVersion="31"
9        android:targetSdkVersion="36" />
10
11    <uses-permission android:name="android.permission.READ_CALENDAR" />
11-->src/main/AndroidManifest.xml:5:5-72
11-->src/main/AndroidManifest.xml:5:22-69
12    <uses-permission android:name="android.permission.WAKE_LOCK" />
12-->[androidx.work:work-runtime:2.10.4] AndroidManifest.xml:23:5-68
12-->[androidx.work:work-runtime:2.10.4] AndroidManifest.xml:23:22-65
13    <uses-permission android:name="android.permission.ACCESS_NETWORK_STATE" />
13-->[androidx.work:work-runtime:2.10.4] AndroidManifest.xml:24:5-79
13-->[androidx.work:work-runtime:2.10.4] AndroidManifest.xml:24:22-76
14    <uses-permission android:name="android.permission.RECEIVE_BOOT_COMPLETED" />
14-->[androidx.work:work-runtime:2.10.4] AndroidManifest.xml:25:5-81
14-->[androidx.work:work-runtime:2.10.4] AndroidManifest.xml:25:22-78
15    <uses-permission android:name="android.permission.FOREGROUND_SERVICE" />
15-->[androidx.work:work-runtime:2.10.4] AndroidManifest.xml:26:5-77
15-->[androidx.work:work-runtime:2.10.4] AndroidManifest.xml:26:22-74
16
17    <permission
17-->[androidx.core:core:1.17.0] AndroidManifest.xml:22:5-24:47
18        android:name="com.example.nearschedulewidget.DYNAMIC_RECEIVER_NOT_EXPORTED_PERMISSION"
18-->[androidx.core:core:1.17.0] AndroidManifest.xml:23:9-81
19        android:protectionLevel="signature" />
19-->[androidx.core:core:1.17.0] AndroidManifest.xml:24:9-44
20
21    <uses-permission android:name="com.example.nearschedulewidget.DYNAMIC_RECEIVER_NOT_EXPORTED_PERMISSION" />
21-->[androidx.core:core:1.17.0] AndroidManifest.xml:26:5-97
21-->[androidx.core:core:1.17.0] AndroidManifest.xml:26:22-94
22
23    <application
23-->src/main/AndroidManifest.xml:7:5-37:19
24        android:allowBackup="true"
24-->src/main/AndroidManifest.xml:8:9-35
25        android:appComponentFactory="androidx.core.app.CoreComponentFactory"
25-->[androidx.core:core:1.17.0] AndroidManifest.xml:28:18-86
26        android:extractNativeLibs="false"
27        android:icon="@mipmap/ic_launcher"
27-->src/main/AndroidManifest.xml:9:9-43
28        android:label="@string/app_name"
28-->src/main/AndroidManifest.xml:10:9-41
29        android:supportsRtl="true"
29-->src/main/AndroidManifest.xml:11:9-35
30        android:theme="@style/Theme.NearScheduleWidget" >
30-->src/main/AndroidManifest.xml:12:9-56
31        <activity
31-->src/main/AndroidManifest.xml:14:9-21:20
32            android:name="com.example.nearschedulewidget.MainActivity"
32-->src/main/AndroidManifest.xml:15:13-41
33            android:exported="true" >
33-->src/main/AndroidManifest.xml:16:13-36
34            <intent-filter>
34-->src/main/AndroidManifest.xml:17:13-20:29
35                <action android:name="android.intent.action.MAIN" />
35-->src/main/AndroidManifest.xml:18:17-69
35-->src/main/AndroidManifest.xml:18:25-66
36
37                <category android:name="android.intent.category.LAUNCHER" />
37-->src/main/AndroidManifest.xml:19:17-77
37-->src/main/AndroidManifest.xml:19:27-74
38            </intent-filter>
39        </activity>
40
41        <receiver
41-->src/main/AndroidManifest.xml:23:9-35:20
42            android:name="com.example.nearschedulewidget.widget.CalendarWidgetProvider"
42-->src/main/AndroidManifest.xml:24:13-58
43            android:exported="true"
43-->src/main/AndroidManifest.xml:25:13-36
44            android:label="@string/app_name" >
44-->src/main/AndroidManifest.xml:26:13-45
45            <intent-filter>
45-->src/main/AndroidManifest.xml:27:13-31:29
46                <action android:name="android.appwidget.action.APPWIDGET_UPDATE" />
46-->src/main/AndroidManifest.xml:28:17-84
46-->src/main/AndroidManifest.xml:28:25-81
47                <action android:name="android.intent.action.CONFIGURATION_CHANGED" />
47-->src/main/AndroidManifest.xml:29:17-86
47-->src/main/AndroidManifest.xml:29:25-83
48                <action android:name="com.example.nearschedulewidget.UPDATE" />
48-->src/main/AndroidManifest.xml:30:17-80
48-->src/main/AndroidManifest.xml:30:25-77
49            </intent-filter>
50
51            <meta-data
51-->src/main/AndroidManifest.xml:32:13-34:67
52                android:name="android.appwidget.provider"
52-->src/main/AndroidManifest.xml:33:17-58
53                android:resource="@xml/calendar_appwidget_info" />
53-->src/main/AndroidManifest.xml:34:17-64
54        </receiver>
55
56        <provider
56-->[androidx.emoji2:emoji2:1.3.0] AndroidManifest.xml:24:9-32:20
57            android:name="androidx.startup.InitializationProvider"
57-->[androidx.emoji2:emoji2:1.3.0] AndroidManifest.xml:25:13-67
58            android:authorities="com.example.nearschedulewidget.androidx-startup"
58-->[androidx.emoji2:emoji2:1.3.0] AndroidManifest.xml:26:13-68
59            android:exported="false" >
59-->[androidx.emoji2:emoji2:1.3.0] AndroidManifest.xml:27:13-37
60            <meta-data
60-->[androidx.emoji2:emoji2:1.3.0] AndroidManifest.xml:29:13-31:52
61                android:name="androidx.emoji2.text.EmojiCompatInitializer"
61-->[androidx.emoji2:emoji2:1.3.0] AndroidManifest.xml:30:17-75
62                android:value="androidx.startup" />
62-->[androidx.emoji2:emoji2:1.3.0] AndroidManifest.xml:31:17-49
63            <meta-data
63-->[androidx.work:work-runtime:2.10.4] AndroidManifest.xml:34:13-36:52
64                android:name="androidx.work.WorkManagerInitializer"
64-->[androidx.work:work-runtime:2.10.4] AndroidManifest.xml:35:17-68
65                android:value="androidx.startup" />
65-->[androidx.work:work-runtime:2.10.4] AndroidManifest.xml:36:17-49
66            <meta-data
66-->[androidx.lifecycle:lifecycle-process:2.6.2] AndroidManifest.xml:29:13-31:52
67                android:name="androidx.lifecycle.ProcessLifecycleInitializer"
67-->[androidx.lifecycle:lifecycle-process:2.6.2] AndroidManifest.xml:30:17-78
68                android:value="androidx.startup" />
68-->[androidx.lifecycle:lifecycle-process:2.6.2] AndroidManifest.xml:31:17-49
69            <meta-data
69-->[androidx.profileinstaller:profileinstaller:1.3.1] AndroidManifest.xml:29:13-31:52
70                android:name="androidx.profileinstaller.ProfileInstallerInitializer"
70-->[androidx.profileinstaller:profileinstaller:1.3.1] AndroidManifest.xml:30:17-85
71                android:value="androidx.startup" />
71-->[androidx.profileinstaller:profileinstaller:1.3.1] AndroidManifest.xml:31:17-49
72        </provider>
73
74        <service
74-->[androidx.work:work-runtime:2.10.4] AndroidManifest.xml:39:9-45:35
75            android:name="androidx.work.impl.background.systemalarm.SystemAlarmService"
75-->[androidx.work:work-runtime:2.10.4] AndroidManifest.xml:40:13-88
76            android:directBootAware="false"
76-->[androidx.work:work-runtime:2.10.4] AndroidManifest.xml:41:13-44
77            android:enabled="@bool/enable_system_alarm_service_default"
77-->[androidx.work:work-runtime:2.10.4] AndroidManifest.xml:42:13-72
78            android:exported="false" />
78-->[androidx.work:work-runtime:2.10.4] AndroidManifest.xml:43:13-37
79        <service
79-->[androidx.work:work-runtime:2.10.4] AndroidManifest.xml:46:9-52:35
80            android:name="androidx.work.impl.background.systemjob.SystemJobService"
80-->[androidx.work:work-runtime:2.10.4] AndroidManifest.xml:47:13-84
81            android:directBootAware="false"
81-->[androidx.work:work-runtime:2.10.4] AndroidManifest.xml:48:13-44
82            android:enabled="@bool/enable_system_job_service_default"
82-->[androidx.work:work-runtime:2.10.4] AndroidManifest.xml:49:13-70
83            android:exported="true"
83-->[androidx.work:work-runtime:2.10.4] AndroidManifest.xml:50:13-36
84            android:permission="android.permission.BIND_JOB_SERVICE" />
84-->[androidx.work:work-runtime:2.10.4] AndroidManifest.xml:51:13-69
85        <service
85-->[androidx.work:work-runtime:2.10.4] AndroidManifest.xml:53:9-59:35
86            android:name="androidx.work.impl.foreground.SystemForegroundService"
86-->[androidx.work:work-runtime:2.10.4] AndroidManifest.xml:54:13-81
87            android:directBootAware="false"
87-->[androidx.work:work-runtime:2.10.4] AndroidManifest.xml:55:13-44
88            android:enabled="@bool/enable_system_foreground_service_default"
88-->[androidx.work:work-runtime:2.10.4] AndroidManifest.xml:56:13-77
89            android:exported="false" />
89-->[androidx.work:work-runtime:2.10.4] AndroidManifest.xml:57:13-37
90
91        <receiver
91-->[androidx.work:work-runtime:2.10.4] AndroidManifest.xml:61:9-66:35
92            android:name="androidx.work.impl.utils.ForceStopRunnable$BroadcastReceiver"
92-->[androidx.work:work-runtime:2.10.4] AndroidManifest.xml:62:13-88
93            android:directBootAware="false"
93-->[androidx.work:work-runtime:2.10.4] AndroidManifest.xml:63:13-44
94            android:enabled="true"
94-->[androidx.work:work-runtime:2.10.4] AndroidManifest.xml:64:13-35
95            android:exported="false" />
95-->[androidx.work:work-runtime:2.10.4] AndroidManifest.xml:65:13-37
96        <receiver
96-->[androidx.work:work-runtime:2.10.4] AndroidManifest.xml:67:9-77:20
97            android:name="androidx.work.impl.background.systemalarm.ConstraintProxy$BatteryChargingProxy"
97-->[androidx.work:work-runtime:2.10.4] AndroidManifest.xml:68:13-106
98            android:directBootAware="false"
98-->[androidx.work:work-runtime:2.10.4] AndroidManifest.xml:69:13-44
99            android:enabled="false"
99-->[androidx.work:work-runtime:2.10.4] AndroidManifest.xml:70:13-36
100            android:exported="false" >
100-->[androidx.work:work-runtime:2.10.4] AndroidManifest.xml:71:13-37
101            <intent-filter>
101-->[androidx.work:work-runtime:2.10.4] AndroidManifest.xml:73:13-76:29
102                <action android:name="android.intent.action.ACTION_POWER_CONNECTED" />
102-->[androidx.work:work-runtime:2.10.4] AndroidManifest.xml:74:17-87
102-->[androidx.work:work-runtime:2.10.4] AndroidManifest.xml:74:25-84
103                <action android:name="android.intent.action.ACTION_POWER_DISCONNECTED" />
103-->[androidx.work:work-runtime:2.10.4] AndroidManifest.xml:75:17-90
103-->[androidx.work:work-runtime:2.10.4] AndroidManifest.xml:75:25-87
104            </intent-filter>
105        </receiver>
106        <receiver
106-->[androidx.work:work-runtime:2.10.4] AndroidManifest.xml:78:9-88:20
107            android:name="androidx.work.impl.background.systemalarm.ConstraintProxy$BatteryNotLowProxy"
107-->[androidx.work:work-runtime:2.10.4] AndroidManifest.xml:79:13-104
108            android:directBootAware="false"
108-->[androidx.work:work-runtime:2.10.4] AndroidManifest.xml:80:13-44
109            android:enabled="false"
109-->[androidx.work:work-runtime:2.10.4] AndroidManifest.xml:81:13-36
110            android:exported="false" >
110-->[androidx.work:work-runtime:2.10.4] AndroidManifest.xml:82:13-37
111            <intent-filter>
111-->[androidx.work:work-runtime:2.10.4] AndroidManifest.xml:84:13-87:29
112                <action android:name="android.intent.action.BATTERY_OKAY" />
112-->[androidx.work:work-runtime:2.10.4] AndroidManifest.xml:85:17-77
112-->[androidx.work:work-runtime:2.10.4] AndroidManifest.xml:85:25-74
113                <action android:name="android.intent.action.BATTERY_LOW" />
113-->[androidx.work:work-runtime:2.10.4] AndroidManifest.xml:86:17-76
113-->[androidx.work:work-runtime:2.10.4] AndroidManifest.xml:86:25-73
114            </intent-filter>
115        </receiver>
116        <receiver
116-->[androidx.work:work-runtime:2.10.4] AndroidManifest.xml:89:9-99:20
117            android:name="androidx.work.impl.background.systemalarm.ConstraintProxy$StorageNotLowProxy"
117-->[androidx.work:work-runtime:2.10.4] AndroidManifest.xml:90:13-104
118            android:directBootAware="false"
118-->[androidx.work:work-runtime:2.10.4] AndroidManifest.xml:91:13-44
119            android:enabled="false"
119-->[androidx.work:work-runtime:2.10.4] AndroidManifest.xml:92:13-36
120            android:exported="false" >
120-->[androidx.work:work-runtime:2.10.4] AndroidManifest.xml:93:13-37
121            <intent-filter>
121-->[androidx.work:work-runtime:2.10.4] AndroidManifest.xml:95:13-98:29
122                <action android:name="android.intent.action.DEVICE_STORAGE_LOW" />
122-->[androidx.work:work-runtime:2.10.4] AndroidManifest.xml:96:17-83
122-->[androidx.work:work-runtime:2.10.4] AndroidManifest.xml:96:25-80
123                <action android:name="android.intent.action.DEVICE_STORAGE_OK" />
123-->[androidx.work:work-runtime:2.10.4] AndroidManifest.xml:97:17-82
123-->[androidx.work:work-runtime:2.10.4] AndroidManifest.xml:97:25-79
124            </intent-filter>
125        </receiver>
126        <receiver
126-->[androidx.work:work-runtime:2.10.4] AndroidManifest.xml:100:9-109:20
127            android:name="androidx.work.impl.background.systemalarm.ConstraintProxy$NetworkStateProxy"
127-->[androidx.work:work-runtime:2.10.4] AndroidManifest.xml:101:13-103
128            android:directBootAware="false"
128-->[androidx.work:work-runtime:2.10.4] AndroidManifest.xml:102:13-44
129            android:enabled="false"
129-->[androidx.work:work-runtime:2.10.4] AndroidManifest.xml:103:13-36
130            android:exported="false" >
130-->[androidx.work:work-runtime:2.10.4] AndroidManifest.xml:104:13-37
131            <intent-filter>
131-->[androidx.work:work-runtime:2.10.4] AndroidManifest.xml:106:13-108:29
132                <action android:name="android.net.conn.CONNECTIVITY_CHANGE" />
132-->[androidx.work:work-runtime:2.10.4] AndroidManifest.xml:107:17-79
132-->[androidx.work:work-runtime:2.10.4] AndroidManifest.xml:107:25-76
133            </intent-filter>
134        </receiver>
135        <receiver
135-->[androidx.work:work-runtime:2.10.4] AndroidManifest.xml:110:9-121:20
136            android:name="androidx.work.impl.background.systemalarm.RescheduleReceiver"
136-->[androidx.work:work-runtime:2.10.4] AndroidManifest.xml:111:13-88
137            android:directBootAware="false"
137-->[androidx.work:work-runtime:2.10.4] AndroidManifest.xml:112:13-44
138            android:enabled="false"
138-->[androidx.work:work-runtime:2.10.4] AndroidManifest.xml:113:13-36
139            android:exported="false" >
139-->[androidx.work:work-runtime:2.10.4] AndroidManifest.xml:114:13-37
140            <intent-filter>
140-->[androidx.work:work-runtime:2.10.4] AndroidManifest.xml:116:13-120:29
141                <action android:name="android.intent.action.BOOT_COMPLETED" />
141-->[androidx.work:work-runtime:2.10.4] AndroidManifest.xml:117:17-79
141-->[androidx.work:work-runtime:2.10.4] AndroidManifest.xml:117:25-76
142                <action android:name="android.intent.action.TIME_SET" />
142-->[androidx.work:work-runtime:2.10.4] AndroidManifest.xml:118:17-73
142-->[androidx.work:work-runtime:2.10.4] AndroidManifest.xml:118:25-70
143                <action android:name="android.intent.action.TIMEZONE_CHANGED" />
143-->[androidx.work:work-runtime:2.10.4] AndroidManifest.xml:119:17-81
143-->[androidx.work:work-runtime:2.10.4] AndroidManifest.xml:119:25-78
144            </intent-filter>
145        </receiver>
146        <receiver
146-->[androidx.work:work-runtime:2.10.4] AndroidManifest.xml:122:9-131:20
147            android:name="androidx.work.impl.background.systemalarm.ConstraintProxyUpdateReceiver"
147-->[androidx.work:work-runtime:2.10.4] AndroidManifest.xml:123:13-99
148            android:directBootAware="false"
148-->[androidx.work:work-runtime:2.10.4] AndroidManifest.xml:124:13-44
149            android:enabled="@bool/enable_system_alarm_service_default"
149-->[androidx.work:work-runtime:2.10.4] AndroidManifest.xml:125:13-72
150            android:exported="false" >
150-->[androidx.work:work-runtime:2.10.4] AndroidManifest.xml:126:13-37
151            <intent-filter>
151-->[androidx.work:work-runtime:2.10.4] AndroidManifest.xml:128:13-130:29
152                <action android:name="androidx.work.impl.background.systemalarm.UpdateProxies" />
152-->[androidx.work:work-runtime:2.10.4] AndroidManifest.xml:129:17-98
152-->[androidx.work:work-runtime:2.10.4] AndroidManifest.xml:129:25-95
153            </intent-filter>
154        </receiver>
155        <receiver
155-->[androidx.work:work-runtime:2.10.4] AndroidManifest.xml:132:9-142:20
156            android:name="androidx.work.impl.diagnostics.DiagnosticsReceiver"
156-->[androidx.work:work-runtime:2.10.4] AndroidManifest.xml:133:13-78
157            android:directBootAware="false"
157-->[androidx.work:work-runtime:2.10.4] AndroidManifest.xml:134:13-44
158            android:enabled="true"
158-->[androidx.work:work-runtime:2.10.4] AndroidManifest.xml:135:13-35
159            android:exported="true"
159-->[androidx.work:work-runtime:2.10.4] AndroidManifest.xml:136:13-36
160            android:permission="android.permission.DUMP" >
160-->[androidx.work:work-runtime:2.10.4] AndroidManifest.xml:137:13-57
161            <intent-filter>
161-->[androidx.work:work-runtime:2.10.4] AndroidManifest.xml:139:13-141:29
162                <action android:name="androidx.work.diagnostics.REQUEST_DIAGNOSTICS" />
162-->[androidx.work:work-runtime:2.10.4] AndroidManifest.xml:140:17-88
162-->[androidx.work:work-runtime:2.10.4] AndroidManifest.xml:140:25-85
163            </intent-filter>
164        </receiver>
165        <receiver
165-->[androidx.profileinstaller:profileinstaller:1.3.1] AndroidManifest.xml:34:9-52:20
166            android:name="androidx.profileinstaller.ProfileInstallReceiver"
166-->[androidx.profileinstaller:profileinstaller:1.3.1] AndroidManifest.xml:35:13-76
167            android:directBootAware="false"
167-->[androidx.profileinstaller:profileinstaller:1.3.1] AndroidManifest.xml:36:13-44
168            android:enabled="true"
168-->[androidx.profileinstaller:profileinstaller:1.3.1] AndroidManifest.xml:37:13-35
169            android:exported="true"
169-->[androidx.profileinstaller:profileinstaller:1.3.1] AndroidManifest.xml:38:13-36
170            android:permission="android.permission.DUMP" >
170-->[androidx.profileinstaller:profileinstaller:1.3.1] AndroidManifest.xml:39:13-57
171            <intent-filter>
171-->[androidx.profileinstaller:profileinstaller:1.3.1] AndroidManifest.xml:40:13-42:29
172                <action android:name="androidx.profileinstaller.action.INSTALL_PROFILE" />
172-->[androidx.profileinstaller:profileinstaller:1.3.1] AndroidManifest.xml:41:17-91
172-->[androidx.profileinstaller:profileinstaller:1.3.1] AndroidManifest.xml:41:25-88
173            </intent-filter>
174            <intent-filter>
174-->[androidx.profileinstaller:profileinstaller:1.3.1] AndroidManifest.xml:43:13-45:29
175                <action android:name="androidx.profileinstaller.action.SKIP_FILE" />
175-->[androidx.profileinstaller:profileinstaller:1.3.1] AndroidManifest.xml:44:17-85
175-->[androidx.profileinstaller:profileinstaller:1.3.1] AndroidManifest.xml:44:25-82
176            </intent-filter>
177            <intent-filter>
177-->[androidx.profileinstaller:profileinstaller:1.3.1] AndroidManifest.xml:46:13-48:29
178                <action android:name="androidx.profileinstaller.action.SAVE_PROFILE" />
178-->[androidx.profileinstaller:profileinstaller:1.3.1] AndroidManifest.xml:47:17-88
178-->[androidx.profileinstaller:profileinstaller:1.3.1] AndroidManifest.xml:47:25-85
179            </intent-filter>
180            <intent-filter>
180-->[androidx.profileinstaller:profileinstaller:1.3.1] AndroidManifest.xml:49:13-51:29
181                <action android:name="androidx.profileinstaller.action.BENCHMARK_OPERATION" />
181-->[androidx.profileinstaller:profileinstaller:1.3.1] AndroidManifest.xml:50:17-95
181-->[androidx.profileinstaller:profileinstaller:1.3.1] AndroidManifest.xml:50:25-92
182            </intent-filter>
183        </receiver>
184
185        <service
185-->[androidx.room:room-runtime:2.6.1] AndroidManifest.xml:24:9-28:63
186            android:name="androidx.room.MultiInstanceInvalidationService"
186-->[androidx.room:room-runtime:2.6.1] AndroidManifest.xml:25:13-74
187            android:directBootAware="true"
187-->[androidx.room:room-runtime:2.6.1] AndroidManifest.xml:26:13-43
188            android:exported="false" />
188-->[androidx.room:room-runtime:2.6.1] AndroidManifest.xml:27:13-37
189    </application>
190
191</manifest>